Jun 22, 2023 09:14:15.146 [0x7f3bf62f2b38] INFO - Plex Tuner Service v1.32.4.7195-7c8f9d3b6 - Docker Docker Container (LinuxServer.io) x86_64 - build: 
Jun 22, 2023 09:14:15.146 [0x7f3bf62f2b38] INFO - Linux version: 5.15.0-69-generic (#76~20.04.1-Ubuntu SMP Mon Mar 20 15:54:19 UTC 2023), language: en-US
Jun 22, 2023 09:14:15.146 [0x7f3bf62f2b38] INFO - Processor 11th Gen Intel(R) Core(TM) i7-11800H @ 2.30GHz
Jun 22, 2023 09:14:15.146 [0x7f3bf62f2b38] INFO - /usr/lib/plexmediaserver/Plex Tuner Service /usr/lib/plexmediaserver/Resources/Tuner/Private /usr/lib/plexmediaserver/Resources/Tuner/Shared 1.32.4.7195-7c8f9d3b6 32600
Jun 22, 2023 09:14:15.145 [0x7f3bf7d73808] INFO - [I] broker_t::start...
Jun 22, 2023 09:14:15.147 [0x7f3bf7d73808] INFO - [I] device_manager_t::init.
Jun 22, 2023 09:14:15.147 [0x7f3bf7d73808] INFO - [I] device_manager_t::init. Initialize provider manager
Jun 22, 2023 09:14:15.147 [0x7f3bf7d73808] INFO - [I] device_manager_t::init. Initialize all device auxes
Jun 22, 2023 09:14:15.147 [0x7f3bf7d73808] INFO - [I] dvb_device_factory_t::get_aux_list
Jun 22, 2023 09:14:15.147 [0x7f3bf7d73808] INFO - [I] tvbutler_aux_t::init
Jun 22, 2023 09:14:15.148 [0x7f3bf7d73808] INFO - [I] web_server_t::start. Starting web server on port 32600
Jun 22, 2023 09:14:24.096 [0x7f3bf6066b38] INFO - [I] web_service_t::process_device_discovery
Jun 22, 2023 09:14:24.096 [0x7f3bf6066b38] INFO - [I] device_reactor_t::get_device_list ()
Jun 22, 2023 09:14:26.100 [0x7f3bf6066b38] INFO - [I] SAT2IP - discover_satip_servers(): no servers found
Jun 22, 2023 09:14:26.519 [0x7f3bf6066b38] INFO - [I] v4l::DeviceGetList_impl. getting v4l device list
Jun 22, 2023 09:14:26.521 [0x7f3bf6066b38] INFO - [I] onetv_factory::DeviceGetListEx >>
Jun 22, 2023 09:14:26.521 [0x7f3bf6066b38] WARN - [W] onetv_factory::DeviceGetListEx. libusb_init returned an error -99
Jun 22, 2023 09:15:25.525 [0x7f3bf7d73808] INFO - Received SIGINT: Interrupt from keyboard.
Jun 22, 2023 09:15:25.539 [0x7f3bf7d73808] INFO - [I] device_manager_t::term
Jun 22, 2023 09:15:25.539 [0x7f3bf7d73808] INFO - [I] device_manager_t::term. Stop all devices
Jun 22, 2023 09:15:25.539 [0x7f3bf7d73808] INFO - [I] device_manager_t::term. Shut down all device auxes
Jun 22, 2023 09:15:25.539 [0x7f3bf7d73808] INFO - [I] tvbutler_aux_t::term
Jun 22, 2023 09:15:25.539 [0x7f3bf7d73808] INFO - [I] web_server_t::stop. Web server is stopped
Jun 22, 2023 09:15:25.539 [0x7f3bf7d73808] INFO - [I] device_manager_t::term
Jun 22, 2023 09:15:25.539 [0x7f3bf7d73808] INFO - [I] device_manager_t::term. Stop all devices
Jun 22, 2023 09:15:25.539 [0x7f3bf7d73808] INFO - [I] device_manager_t::term. Shut down all device auxes
Jun 22, 2023 09:15:25.539 [0x7f3bf7d73808] INFO - [I] broker_t::shutdown. Shutdown is completed.
